  DG2014_DGObject.cpp
  DG2014_Effect.cpp
  DG2014_Font.cpp
  DG2014_Image.cpp
  DG2014_IndexBuffer.cpp
  DG2014_InputLayout.cpp
  DG2014_Mesh.cpp
  DG2014_MeshSOBFile.cpp
  DG2014_Texture.cpp
  DG2014_Ver3_6.cpp
  DG2014_VertexBuffer.cpp
  DG2014_VertexContainer.cpp
  Dm2008_Ver1_4.cpp
  GameEngine_Ver3_83.cpp
  MyGameMain.cpp
  myLib.cpp
  MyPG.cpp
  sound.cpp
  Task_Ending.cpp
  Task_Game.cpp
D:\GitTest\Starstrike\Task_Game.cpp(238,19): warning C4244: '=': 'double' から 'int' への変換です。データが失われる可能性があります。
D:\GitTest\Starstrike\Task_Game.cpp(506,11): warning C4244: '=': 'int' から 'float' への変換です。データが失われる可能性があります。
D:\GitTest\Starstrike\Task_Game.cpp(507,11): warning C4244: '=': 'int' から 'float' への変換です。データが失われる可能性があります。
D:\GitTest\Starstrike\Task_Game.cpp(809,20): warning C4244: '=': 'int' から 'float' への変換です。データが失われる可能性があります。
D:\GitTest\Starstrike\Task_Game.cpp(810,20): warning C4244: '=': 'int' から 'float' への変換です。データが失われる可能性があります。
D:\GitTest\Starstrike\Task_Game.cpp(851,19): warning C4244: '=': 'int' から 'float' への変換です。データが失われる可能性があります。
D:\GitTest\Starstrike\Task_Game.cpp(852,19): warning C4244: '=': 'int' から 'float' への変換です。データが失われる可能性があります。
D:\GitTest\Starstrike\Task_Game.cpp(935,15): warning C4244: '初期化中': 'int' から 'float' への変換です。データが失われる可能性があります。
D:\GitTest\Starstrike\Task_Game.cpp(936,15): warning C4244: '初期化中': 'int' から 'float' への変換です。データが失われる可能性があります。
D:\GitTest\Starstrike\Task_Game.cpp(1138,12): warning C4244: '=': 'int' から 'float' への変換です。データが失われる可能性があります。
D:\GitTest\Starstrike\Task_Game.cpp(1139,12): warning C4244: '=': 'int' から 'float' への変換です。データが失われる可能性があります。
D:\GitTest\Starstrike\Task_Game.cpp(1317,32): warning C4244: '=': 'double' から 'float' への変換です。データが失われる可能性があります。
  コードを生成中...
  コンパイル中...
  Task_LC.cpp
  Task_NewGame.cpp
  Task_Title.cpp
  WinMain.cpp
  XI2018_Ver1_0.cpp
  コードを生成中...
  GPG_2020.vcxproj -> D:\GitTest\Starstrike\x64\Debug\GPG_2020.exe
